10:56:59.171 [main] INFO  f.p.console.PizzeriaAdminConsoleApp -  
***** Pizzeria Administration ***** 
1. Lister les pizzas 
2. Ajouter une nouvelle pizza 
3. Mettre à jour une pizza 
4. Supprimer une pizza 
5. Imprimer la liste des pizza 
99. Sortir 

10:57:16.200 [main] INFO  f.p.console.PizzeriaAdminConsoleApp -  
***** Pizzeria Administration ***** 
1. Lister les pizzas 
2. Ajouter une nouvelle pizza 
3. Mettre à jour une pizza 
4. Supprimer une pizza 
5. Imprimer la liste des pizza 
99. Sortir 

10:57:42.656 [main] INFO  f.p.console.PizzeriaAdminConsoleApp -  
***** Pizzeria Administration ***** 
1. Lister les pizzas 
2. Ajouter une nouvelle pizza 
3. Mettre à jour une pizza 
4. Supprimer une pizza 
5. Imprimer la liste des pizza 
99. Sortir 

10:57:56.807 [main] INFO  f.p.console.PizzeriaAdminConsoleApp -  
***** Pizzeria Administration ***** 
1. Lister les pizzas 
2. Ajouter une nouvelle pizza 
3. Mettre à jour une pizza 
4. Supprimer une pizza 
5. Imprimer la liste des pizza 
99. Sortir 

10:57:59.415 [main] INFO  f.p.console.PizzeriaAdminConsoleApp -  
***** Pizzeria Administration ***** 
1. Lister les pizzas 
2. Ajouter une nouvelle pizza 
3. Mettre à jour une pizza 
4. Supprimer une pizza 
5. Imprimer la liste des pizza 
99. Sortir 

11:14:58.481 [main] INFO  f.p.console.PizzeriaAdminConsoleApp -  
***** Pizzeria Administration ***** 
1. Lister les pizzas 
2. Ajouter une nouvelle pizza 
3. Mettre à jour une pizza 
4. Supprimer une pizza 
5. Imprimer la liste des pizza 
99. Sortir 

11:15:44.637 [main] INFO  f.p.console.PizzeriaAdminConsoleApp -  
***** Pizzeria Administration ***** 
1. Lister les pizzas 
2. Ajouter une nouvelle pizza 
3. Mettre à jour une pizza 
4. Supprimer une pizza 
5. Imprimer la liste des pizza 
99. Sortir 

11:17:12.352 [main] INFO  f.p.console.PizzeriaAdminConsoleApp -  
***** Pizzeria Administration ***** 
1. Lister les pizzas 
2. Ajouter une nouvelle pizza 
3. Mettre à jour une pizza 
4. Supprimer une pizza 
5. Imprimer la liste des pizza 
99. Sortir 

11:18:05.459 [main] INFO  f.p.console.PizzeriaAdminConsoleApp -  
***** Pizzeria Administration ***** 
1. Lister les pizzas 
2. Ajouter une nouvelle pizza 
3. Mettre à jour une pizza 
4. Supprimer une pizza 
5. Imprimer la liste des pizza 
99. Sortir 

11:18:07.531 [main] INFO  f.p.console.PizzeriaAdminConsoleApp -  
***** Pizzeria Administration ***** 
1. Lister les pizzas 
2. Ajouter une nouvelle pizza 
3. Mettre à jour une pizza 
4. Supprimer une pizza 
5. Imprimer la liste des pizza 
99. Sortir 

11:18:36.642 [main] INFO  f.p.console.PizzeriaAdminConsoleApp -  
***** Pizzeria Administration ***** 
1. Lister les pizzas 
2. Ajouter une nouvelle pizza 
3. Mettre à jour une pizza 
4. Supprimer une pizza 
5. Imprimer la liste des pizza 
99. Sortir 

11:19:18.625 [main] INFO  f.p.console.PizzeriaAdminConsoleApp -  
***** Pizzeria Administration ***** 
1. Lister les pizzas 
2. Ajouter une nouvelle pizza 
3. Mettre à jour une pizza 
4. Supprimer une pizza 
5. Imprimer la liste des pizza 
99. Sortir 

11:20:03.064 [main] INFO  f.p.console.PizzeriaAdminConsoleApp -  
***** Pizzeria Administration ***** 
1. Lister les pizzas 
2. Ajouter une nouvelle pizza 
3. Mettre à jour une pizza 
4. Supprimer une pizza 
5. Imprimer la liste des pizza 
99. Sortir 

11:20:04.750 [main] INFO  f.p.console.PizzeriaAdminConsoleApp - Aurevoir ☹ 

